
Welcome to Willie. Loading modules...


Error loading ip: No module named pygeoip (modules/ip.py:13)
Error loading spellcheck: No module named enchant (modules/spellcheck.py:13)
Error in chanlogs setup procedure: ConfigurationError: Channel logs are not configured (modules/chanlogs.py:80)
Error loading reddit-info: No module named praw (modules/reddit-info.py:13)
Error loading ipython: No module named IPython.frontend.terminal.embed (modules/ipython.py:23)


Registered 37 modules,
5 modules failed to load


Connecting to irc.farm.hsv.redhat.com:6667...
Connected.
KeyboardInterrupt

Welcome to Willie. Loading modules...


Error loading ip: No module named pygeoip (modules/ip.py:13)
Error loading spellcheck: No module named enchant (modules/spellcheck.py:13)
Error in chanlogs setup procedure: ConfigurationError: Channel logs are not configured (modules/chanlogs.py:80)
Error loading reddit-info: No module named praw (modules/reddit-info.py:13)
Error loading ipython: No module named IPython.frontend.terminal.embed (modules/ipython.py:23)


Registered 37 modules,
5 modules failed to load


Connecting to irc.farm.hsv.redhat.com:6667...
Connected.
KeyboardInterrupt

Welcome to Willie. Loading modules...


Error loading ip: No module named pygeoip (modules/ip.py:13)
Error loading spellcheck: No module named enchant (modules/spellcheck.py:13)
Error in chanlogs setup procedure: ConfigurationError: Channel logs are not configured (modules/chanlogs.py:80)
Error loading reddit-info: No module named praw (modules/reddit-info.py:13)
Error loading ipython: No module named IPython.frontend.terminal.embed (modules/ipython.py:23)


Registered 37 modules,
5 modules failed to load


Connecting to irc.farm.hsv.redhat.com:6667...
Connected.
Traceback (most recent call last):
  File "/usr/local/lib/python2.7/dist-packages/willie/bot.py", line 731, in call
    exit_code = func(willie, trigger)
  File "/usr/local/lib/python2.7/dist-packages/willie/modules/dice.py", line 175, in roll
    dice_expressions = re.findall(dice_regexp, arg_str)
  File "/usr/lib/python2.7/re.py", line 177, in findall
    return _compile(pattern, flags).findall(string)
TypeError: expected string or buffer

[modules/rss.pyc] No RSS feeds to check.
KeyboardInterrupt

Welcome to Willie. Loading modules...


Error loading ip: No module named pygeoip (modules/ip.py:13)
Error loading spellcheck: No module named enchant (modules/spellcheck.py:13)
Error in chanlogs setup procedure: ConfigurationError: Channel logs are not configured (modules/chanlogs.py:80)
Error loading reddit-info: No module named praw (modules/reddit-info.py:13)
Error loading ipython: No module named IPython.frontend.terminal.embed (modules/ipython.py:23)


Registered 38 modules,
5 modules failed to load


Connecting to irc.farm.hsv.redhat.com:6667...
Connected.
KeyboardInterrupt

Welcome to Willie. Loading modules...


Error loading ip: No module named pygeoip (modules/ip.py:13)
Error loading spellcheck: No module named enchant (modules/spellcheck.py:13)
Error in chanlogs setup procedure: ConfigurationError: Channel logs are not configured (modules/chanlogs.py:80)
Error loading reddit-info: No module named praw (modules/reddit-info.py:13)
Error loading ipython: No module named IPython.frontend.terminal.embed (modules/ipython.py:23)


Registered 39 modules,
5 modules failed to load


Connecting to irc.farm.hsv.redhat.com:6667...
Connected.
[modules/rss.pyc] No RSS feeds to check.
KeyboardInterrupt

Welcome to Willie. Loading modules...


Error loading ip: No module named pygeoip (modules/ip.py:13)
Error loading spellcheck: No module named enchant (modules/spellcheck.py:13)
Error in chanlogs setup procedure: ConfigurationError: Channel logs are not configured (modules/chanlogs.py:80)
Error loading reddit-info: No module named praw (modules/reddit-info.py:13)
Error loading ipython: No module named IPython.frontend.terminal.embed (modules/ipython.py:23)


Registered 39 modules,
5 modules failed to load


Connecting to irc.farm.hsv.redhat.com:6667...
Connection error: [Errno -2] Name or service not known

Welcome to Willie. Loading modules...


Error loading ip: No module named pygeoip (modules/ip.py:13)
Error loading spellcheck: No module named enchant (modules/spellcheck.py:13)
Error in chanlogs setup procedure: ConfigurationError: Channel logs are not configured (modules/chanlogs.py:80)
Error loading reddit-info: No module named praw (modules/reddit-info.py:13)
Error loading ipython: No module named IPython.frontend.terminal.embed (modules/ipython.py:23)


Registered 39 modules,
5 modules failed to load


Connecting to irc.farm.hsv.redhat.com:6667...
Connection error: [Errno -2] Name or service not known

Welcome to Willie. Loading modules...


Error loading ip: No module named pygeoip (modules/ip.py:13)
Error loading spellcheck: No module named enchant (modules/spellcheck.py:13)
Error in chanlogs setup procedure: ConfigurationError: Channel logs are not configured (modules/chanlogs.py:80)
Error loading reddit-info: No module named praw (modules/reddit-info.py:13)
Error loading ipython: No module named IPython.frontend.terminal.embed (modules/ipython.py:23)


Registered 39 modules,
5 modules failed to load


Connecting to irc.farm.hsv.redhat.com:6667...
Connected.
KeyboardInterrupt

Welcome to Willie. Loading modules...


Error loading ip: No module named pygeoip (modules/ip.py:13)
Error loading spellcheck: No module named enchant (modules/spellcheck.py:13)
Error in chanlogs setup procedure: ConfigurationError: Channel logs are not configured (modules/chanlogs.py:80)
Error loading reddit-info: No module named praw (modules/reddit-info.py:13)
Error loading ipython: No module named IPython.frontend.terminal.embed (modules/ipython.py:23)


Registered 39 modules,
5 modules failed to load


Connecting to irc.farm.hsv.redhat.com:6667...
Connected.
There's already a Willie instance running with this config file
Try using the --quit or the --kill options

Welcome to Willie. Loading modules...


Error loading ip: No module named pygeoip (modules/ip.py:13)
Error loading spellcheck: No module named enchant (modules/spellcheck.py:13)
Error in chanlogs setup procedure: ConfigurationError: Channel logs are not configured (modules/chanlogs.py:80)
Error loading reddit-info: No module named praw (modules/reddit-info.py:13)
Error loading ipython: No module named IPython.frontend.terminal.embed (modules/ipython.py:23)


Registered 39 modules,
5 modules failed to load


Connecting to irc.farm.hsv.redhat.com:6667...
Connected.
KeyboardInterrupt

Welcome to Willie. Loading modules...


Error loading ip: No module named pygeoip (modules/ip.py:13)
Error loading spellcheck: No module named enchant (modules/spellcheck.py:13)
Error in chanlogs setup procedure: ConfigurationError: Channel logs are not configured (modules/chanlogs.py:80)
Error loading reddit-info: No module named praw (modules/reddit-info.py:13)
Error loading ipython: No module named IPython.frontend.terminal.embed (modules/ipython.py:23)


Registered 39 modules,
5 modules failed to load


Connecting to irc.farm.hsv.redhat.com:6667...
Connected.
Traceback (most recent call last):
  File "/usr/local/lib/python2.7/dist-packages/willie/bot.py", line 731, in call
    exit_code = func(willie, trigger)
  File "/home/natsmith/.willie/modules/karma.py", line 246, in meet_promote_karma
    return meet_karma(bot, trigger, parse_promote, promote_karma)
  File "/home/natsmith/.willie/modules/karma.py", line 220, in meet_karma
    if(time.ctime()-last < 10):
TypeError: unsupported operand type(s) for -: 'str' and 'str'

Traceback (most recent call last):
  File "/usr/local/lib/python2.7/dist-packages/willie/bot.py", line 731, in call
    exit_code = func(willie, trigger)
  File "/home/natsmith/.willie/modules/karma.py", line 252, in meet_demote_karma
    return meet_karma(bot, trigger, parse_demote, demote_karma)
  File "/home/natsmith/.willie/modules/karma.py", line 220, in meet_karma
    if(time.ctime()-last < 10):
TypeError: unsupported operand type(s) for -: 'str' and 'str'

KeyboardInterrupt

Welcome to Willie. Loading modules...


Error loading ip: No module named pygeoip (modules/ip.py:13)
Error loading spellcheck: No module named enchant (modules/spellcheck.py:13)
Error in chanlogs setup procedure: ConfigurationError: Channel logs are not configured (modules/chanlogs.py:80)
Error loading reddit-info: No module named praw (modules/reddit-info.py:13)
Error loading ipython: No module named IPython.frontend.terminal.embed (modules/ipython.py:23)


Registered 39 modules,
5 modules failed to load


Connecting to irc.farm.hsv.redhat.com:6667...
Connected.
KeyboardInterrupt

Welcome to Willie. Loading modules...


Error loading ip: No module named pygeoip (modules/ip.py:13)
Error loading spellcheck: No module named enchant (modules/spellcheck.py:13)
Error in chanlogs setup procedure: ConfigurationError: Channel logs are not configured (modules/chanlogs.py:80)
Error loading reddit-info: No module named praw (modules/reddit-info.py:13)
Error loading ipython: No module named IPython.frontend.terminal.embed (modules/ipython.py:23)


Registered 39 modules,
5 modules failed to load


Connecting to irc.farm.hsv.redhat.com:6667...
Connected.
KeyboardInterrupt

Welcome to Willie. Loading modules...


Error loading ip: No module named pygeoip (modules/ip.py:13)
Error loading spellcheck: No module named enchant (modules/spellcheck.py:13)
Error in chanlogs setup procedure: ConfigurationError: Channel logs are not configured (modules/chanlogs.py:80)
Error loading reddit-info: No module named praw (modules/reddit-info.py:13)
Error loading ipython: No module named IPython.frontend.terminal.embed (modules/ipython.py:23)


Registered 39 modules,
5 modules failed to load


Connecting to irc.farm.hsv.redhat.com:6667...
Connected.
[modules/rss.pyc] No RSS feeds to check.
[modules/rss.pyc] No RSS feeds to check.
[modules/rss.pyc] No RSS feeds to check.
[modules/rss.pyc] No RSS feeds to check.
[modules/rss.pyc] No RSS feeds to check.
[modules/rss.pyc] No RSS feeds to check.
KeyboardInterrupt

Welcome to Willie. Loading modules...


Error loading ip: No module named pygeoip (modules/ip.py:13)
Error loading spellcheck: No module named enchant (modules/spellcheck.py:13)
Error in chanlogs setup procedure: ConfigurationError: Channel logs are not configured (modules/chanlogs.py:80)
Error loading reddit-info: No module named praw (modules/reddit-info.py:13)
Error loading ipython: No module named IPython.frontend.terminal.embed (modules/ipython.py:23)


Registered 40 modules,
5 modules failed to load


Connecting to irc.farm.hsv.redhat.com:6667...
Connected.
KeyboardInterrupt

Welcome to Willie. Loading modules...


Error loading ip: No module named pygeoip (modules/ip.py:13)
Error loading spellcheck: No module named enchant (modules/spellcheck.py:13)
Error in chanlogs setup procedure: ConfigurationError: Channel logs are not configured (modules/chanlogs.py:80)
Error loading reddit-info: No module named praw (modules/reddit-info.py:13)
Error loading ipython: No module named IPython.frontend.terminal.embed (modules/ipython.py:23)


Registered 40 modules,
5 modules failed to load


Connecting to irc.farm.hsv.redhat.com:6667...
Connected.
KeyboardInterrupt

Welcome to Willie. Loading modules...


Error loading ip: No module named pygeoip (modules/ip.py:13)
Error loading spellcheck: No module named enchant (modules/spellcheck.py:13)
Error in chanlogs setup procedure: ConfigurationError: Channel logs are not configured (modules/chanlogs.py:80)
Error loading reddit-info: No module named praw (modules/reddit-info.py:13)
Error loading ipython: No module named IPython.frontend.terminal.embed (modules/ipython.py:23)


Registered 40 modules,
5 modules failed to load


Connecting to irc.farm.hsv.redhat.com:6667...
Connected.
[modules/rss.pyc] No RSS feeds to check.
[modules/rss.pyc] No RSS feeds to check.
[modules/rss.pyc] No RSS feeds to check.
[modules/rss.pyc] No RSS feeds to check.
KeyboardInterrupt

Welcome to Willie. Loading modules...


Error loading ip: No module named pygeoip (modules/ip.py:13)
Error loading spellcheck: No module named enchant (modules/spellcheck.py:13)
Error in chanlogs setup procedure: ConfigurationError: Channel logs are not configured (modules/chanlogs.py:80)
Error loading reddit-info: No module named praw (modules/reddit-info.py:13)
Error loading ipython: No module named IPython.frontend.terminal.embed (modules/ipython.py:23)


Registered 40 modules,
5 modules failed to load


Connecting to irc.farm.hsv.redhat.com:6667...
Connected.
Nickname already in use!
Calling shutdown for 0 modules.
Closed!
Warning: Disconnected. Reconnecting in 20 seconds...


Interrupted

Welcome to Willie. Loading modules...


Error loading ip: No module named pygeoip (modules/ip.py:13)
Error loading spellcheck: No module named enchant (modules/spellcheck.py:13)
Error in chanlogs setup procedure: ConfigurationError: Channel logs are not configured (modules/chanlogs.py:80)
Error loading reddit-info: No module named praw (modules/reddit-info.py:13)
Error loading ipython: No module named IPython.frontend.terminal.embed (modules/ipython.py:23)


Registered 40 modules,
5 modules failed to load


Connecting to irc.farm.hsv.redhat.com:6667...
Connected.
KeyboardInterrupt

Welcome to Willie. Loading modules...


Error loading ip: No module named pygeoip (modules/ip.py:13)
Error loading spellcheck: No module named enchant (modules/spellcheck.py:13)
Error in chanlogs setup procedure: ConfigurationError: Channel logs are not configured (modules/chanlogs.py:80)
Error loading reddit-info: No module named praw (modules/reddit-info.py:13)
Error loading ipython: No module named IPython.frontend.terminal.embed (modules/ipython.py:23)


Registered 40 modules,
5 modules failed to load


Connecting to irc.farm.hsv.redhat.com:6667...
Connected.
Traceback (most recent call last):
  File "/usr/local/lib/python2.7/dist-packages/willie/bot.py", line 731, in call
    exit_code = func(willie, trigger)
  File "/home/natsmith/.willie/modules/natsmith_karma.py", line 5, in increase_karma
    bot.say(str(trigger.group(2)))
IndexError: no such group

KeyboardInterrupt

Welcome to Willie. Loading modules...


Error loading ip: No module named pygeoip (modules/ip.py:13)
Error loading spellcheck: No module named enchant (modules/spellcheck.py:13)
Error in chanlogs setup procedure: ConfigurationError: Channel logs are not configured (modules/chanlogs.py:80)
Error loading reddit-info: No module named praw (modules/reddit-info.py:13)
Error loading ipython: No module named IPython.frontend.terminal.embed (modules/ipython.py:23)


Registered 40 modules,
5 modules failed to load


Connecting to irc.farm.hsv.redhat.com:6667...
Connected.
[modules/rss.pyc] No RSS feeds to check.
[modules/rss.pyc] No RSS feeds to check.
[modules/rss.pyc] No RSS feeds to check.
[modules/rss.pyc] No RSS feeds to check.[modules/rss.pyc] No RSS feeds to check.[modules/rss.pyc] No RSS feeds to check.[modules/rss.pyc] No RSS feeds to check.



[modules/rss.pyc] No RSS feeds to check.
[modules/rss.pyc] No RSS feeds to check.[modules/rss.pyc] No RSS feeds to check.

Ping timeout reached after 120 seconds, closing connection
Calling shutdown for 0 modules.
Closed!
Warning: Disconnected. Reconnecting in 20 seconds...

Welcome to Willie. Loading modules...


Error loading ip: No module named pygeoip (modules/ip.py:13)
Error loading spellcheck: No module named enchant (modules/spellcheck.py:13)
Error in chanlogs setup procedure: ConfigurationError: Channel logs are not configured (modules/chanlogs.py:80)
Error loading reddit-info: No module named praw (modules/reddit-info.py:13)
Error loading ipython: No module named IPython.frontend.terminal.embed (modules/ipython.py:23)


Registered 40 modules,
5 modules failed to load


Connecting to irc.farm.hsv.redhat.com:6667...
Connected.
[modules/rss.pyc] No RSS feeds to check.
[modules/rss.pyc] No RSS feeds to check.
[modules/rss.pyc] No RSS feeds to check.
[modules/rss.pyc] No RSS feeds to check.
[modules/rss.pyc] No RSS feeds to check.
[modules/rss.pyc] No RSS feeds to check.
[modules/rss.pyc] No RSS feeds to check.
[modules/rss.pyc] No RSS feeds to check.
[modules/rss.pyc] No RSS feeds to check.
[modules/rss.pyc] No RSS feeds to check.
KeyboardInterrupt

Welcome to Willie. Loading modules...


Error loading ip: No module named pygeoip (modules/ip.py:13)
Error loading spellcheck: No module named enchant (modules/spellcheck.py:13)
Error in chanlogs setup procedure: ConfigurationError: Channel logs are not configured (modules/chanlogs.py:80)
Error loading reddit-info: No module named praw (modules/reddit-info.py:13)
Error loading ipython: No module named IPython.frontend.terminal.embed (modules/ipython.py:23)
Error loading natsmith_karma: invalid syntax (natsmith_karma.py, line 56) (bot.py:312)


Registered 39 modules,
6 modules failed to load


Connecting to irc.farm.hsv.redhat.com:6667...
Connected.
KeyboardInterrupt

Welcome to Willie. Loading modules...


Error loading ip: No module named pygeoip (modules/ip.py:13)
Error loading spellcheck: No module named enchant (modules/spellcheck.py:13)
Error in chanlogs setup procedure: ConfigurationError: Channel logs are not configured (modules/chanlogs.py:80)
Error loading reddit-info: No module named praw (modules/reddit-info.py:13)
Error loading ipython: No module named IPython.frontend.terminal.embed (modules/ipython.py:23)


Registered 40 modules,
5 modules failed to load


Connecting to irc.farm.hsv.redhat.com:6667...
Connected.
Traceback (most recent call last):
  File "/usr/local/lib/python2.7/dist-packages/willie/bot.py", line 731, in call
    exit_code = func(willie, trigger)
  File "/home/natsmith/.willie/modules/natsmith_karma.py", line 52, in increase_karma
    update_karma(bot, trigger, 1)
  File "/home/natsmith/.willie/modules/natsmith_karma.py", line 32, in update_karma
    last = get_last(table, triggerUser)
  File "/home/natsmith/.willie/modules/natsmith_karma.py", line 20, in get_last
    last_time = table.get(triggerUser, 'last', 'victim')
  File "/usr/local/lib/python2.7/dist-packages/willie/db.py", line 570, in get
    return self._get_one(row, columns, key)
  File "/usr/local/lib/python2.7/dist-packages/willie/db.py", line 514, in _get_one
    raise KeyError(row + ' not in database')
TypeError: can only concatenate list (not "unicode") to list

KeyboardInterrupt

Welcome to Willie. Loading modules...


Error loading ip: No module named pygeoip (modules/ip.py:13)
Error loading spellcheck: No module named enchant (modules/spellcheck.py:13)
Error in chanlogs setup procedure: ConfigurationError: Channel logs are not configured (modules/chanlogs.py:80)
Error loading reddit-info: No module named praw (modules/reddit-info.py:13)
Error loading ipython: No module named IPython.frontend.terminal.embed (modules/ipython.py:23)


Registered 40 modules,
5 modules failed to load


Connecting to irc.farm.hsv.redhat.com:6667...
Connected.
Traceback (most recent call last):
  File "/usr/local/lib/python2.7/dist-packages/willie/bot.py", line 731, in call
    exit_code = func(willie, trigger)
  File "/home/natsmith/.willie/modules/natsmith_karma.py", line 58, in increase_karma
    update_karma(bot, trigger, 1)
  File "/home/natsmith/.willie/modules/natsmith_karma.py", line 53, in update_karma
    table.update(triggerUser, columns, 'last')
  File "/usr/local/lib/python2.7/dist-packages/willie/db.py", line 610, in update
    cur.execute(command)
IntegrityError: NOT NULL constraint failed: nkarma.victim

KeyboardInterrupt

Welcome to Willie. Loading modules...


Error loading ip: No module named pygeoip (modules/ip.py:13)
Error loading spellcheck: No module named enchant (modules/spellcheck.py:13)
Error in chanlogs setup procedure: ConfigurationError: Channel logs are not configured (modules/chanlogs.py:80)
Error loading reddit-info: No module named praw (modules/reddit-info.py:13)
Error loading ipython: No module named IPython.frontend.terminal.embed (modules/ipython.py:23)


Registered 40 modules,
5 modules failed to load


Connecting to irc.farm.hsv.redhat.com:6667...
Connected.
Traceback (most recent call last):
  File "/usr/local/lib/python2.7/dist-packages/willie/bot.py", line 731, in call
    exit_code = func(willie, trigger)
  File "/home/natsmith/.willie/modules/natsmith_karma.py", line 58, in increase_karma
    update_karma(bot, trigger, 1)
  File "/home/natsmith/.willie/modules/natsmith_karma.py", line 53, in update_karma
    table.update(triggerUser, columns, 'last')
  File "/usr/local/lib/python2.7/dist-packages/willie/db.py", line 610, in update
    cur.execute(command)
IntegrityError: UNIQUE constraint failed: nkarma.victim

KeyboardInterrupt

Welcome to Willie. Loading modules...


Error loading ip: No module named pygeoip (modules/ip.py:13)
Error loading spellcheck: No module named enchant (modules/spellcheck.py:13)
Error in chanlogs setup procedure: ConfigurationError: Channel logs are not configured (modules/chanlogs.py:80)
Error loading reddit-info: No module named praw (modules/reddit-info.py:13)
Error loading ipython: No module named IPython.frontend.terminal.embed (modules/ipython.py:23)


Registered 40 modules,
5 modules failed to load


Connecting to irc.farm.hsv.redhat.com:6667...
Connected.
Traceback (most recent call last):
  File "/usr/local/lib/python2.7/dist-packages/willie/bot.py", line 731, in call
    exit_code = func(willie, trigger)
  File "/home/natsmith/.willie/modules/natsmith_karma.py", line 58, in increase_karma
    update_karma(bot, trigger, 1)
  File "/home/natsmith/.willie/modules/natsmith_karma.py", line 53, in update_karma
    table.update(triggerUser, columns)
  File "/usr/local/lib/python2.7/dist-packages/willie/db.py", line 610, in update
    cur.execute(command)
IntegrityError: UNIQUE constraint failed: nkarma.victim

KeyboardInterrupt

Welcome to Willie. Loading modules...


Error loading ip: No module named pygeoip (modules/ip.py:13)
Error loading spellcheck: No module named enchant (modules/spellcheck.py:13)
Error in chanlogs setup procedure: ConfigurationError: Channel logs are not configured (modules/chanlogs.py:80)
Error loading reddit-info: No module named praw (modules/reddit-info.py:13)
Error loading ipython: No module named IPython.frontend.terminal.embed (modules/ipython.py:23)


Registered 40 modules,
5 modules failed to load


Connecting to irc.farm.hsv.redhat.com:6667...
Connected.
[modules/rss.pyc] No RSS feeds to check.
KeyboardInterrupt

Welcome to Willie. Loading modules...


Error loading ip: No module named pygeoip (modules/ip.py:13)
Error loading spellcheck: No module named enchant (modules/spellcheck.py:13)
Error in chanlogs setup procedure: ConfigurationError: Channel logs are not configured (modules/chanlogs.py:80)
Error loading reddit-info: No module named praw (modules/reddit-info.py:13)
Error loading ipython: No module named IPython.frontend.terminal.embed (modules/ipython.py:23)


Registered 40 modules,
5 modules failed to load


Connecting to irc.farm.hsv.redhat.com:6667...
Connected.
KeyboardInterrupt

Welcome to Willie. Loading modules...


Error loading ip: No module named pygeoip (modules/ip.py:13)
Error loading spellcheck: No module named enchant (modules/spellcheck.py:13)
Error in chanlogs setup procedure: ConfigurationError: Channel logs are not configured (modules/chanlogs.py:80)
Error loading reddit-info: No module named praw (modules/reddit-info.py:13)
Error loading ipython: No module named IPython.frontend.terminal.embed (modules/ipython.py:23)


Registered 40 modules,
5 modules failed to load


Connecting to irc.farm.hsv.redhat.com:6667...
Connected.
KeyboardInterrupt

Welcome to Willie. Loading modules...


Error loading ip: No module named pygeoip (modules/ip.py:13)
Error loading spellcheck: No module named enchant (modules/spellcheck.py:13)
Error in chanlogs setup procedure: ConfigurationError: Channel logs are not configured (modules/chanlogs.py:80)
Error loading reddit-info: No module named praw (modules/reddit-info.py:13)
Error loading ipython: No module named IPython.frontend.terminal.embed (modules/ipython.py:23)


Registered 40 modules,
5 modules failed to load


Connecting to irc.farm.hsv.redhat.com:6667...
Connected.
KeyboardInterrupt

Welcome to Willie. Loading modules...


Error loading ip: No module named pygeoip (modules/ip.py:13)
Error loading spellcheck: No module named enchant (modules/spellcheck.py:13)
Error in chanlogs setup procedure: ConfigurationError: Channel logs are not configured (modules/chanlogs.py:80)
Error loading reddit-info: No module named praw (modules/reddit-info.py:13)
Error loading ipython: No module named IPython.frontend.terminal.embed (modules/ipython.py:23)


Registered 40 modules,
5 modules failed to load


Connecting to irc.farm.hsv.redhat.com:6667...
Connected.
KeyboardInterrupt

Welcome to Willie. Loading modules...


Error loading ip: No module named pygeoip (modules/ip.py:13)
Error loading spellcheck: No module named enchant (modules/spellcheck.py:13)
Error in chanlogs setup procedure: ConfigurationError: Channel logs are not configured (modules/chanlogs.py:80)
Error loading reddit-info: No module named praw (modules/reddit-info.py:13)
Error loading ipython: No module named IPython.frontend.terminal.embed (modules/ipython.py:23)


Registered 40 modules,
5 modules failed to load


Connecting to irc.farm.hsv.redhat.com:6667...
Connected.
KeyboardInterrupt

Welcome to Willie. Loading modules...


Error loading ip: No module named pygeoip (modules/ip.py:13)
Error loading spellcheck: No module named enchant (modules/spellcheck.py:13)
Error in chanlogs setup procedure: ConfigurationError: Channel logs are not configured (modules/chanlogs.py:80)
Error loading reddit-info: No module named praw (modules/reddit-info.py:13)
Error loading ipython: No module named IPython.frontend.terminal.embed (modules/ipython.py:23)


Registered 40 modules,
5 modules failed to load


Connecting to irc.farm.hsv.redhat.com:6667...
Connected.
KeyboardInterrupt

Welcome to Willie. Loading modules...


Error loading ip: No module named pygeoip (modules/ip.py:13)
Error loading spellcheck: No module named enchant (modules/spellcheck.py:13)
Error in chanlogs setup procedure: ConfigurationError: Channel logs are not configured (modules/chanlogs.py:80)
Error loading reddit-info: No module named praw (modules/reddit-info.py:13)
Error loading ipython: No module named IPython.frontend.terminal.embed (modules/ipython.py:23)


Registered 40 modules,
5 modules failed to load


Connecting to irc.farm.hsv.redhat.com:6667...
Connected.
[modules/rss.pyc] No RSS feeds to check.
[modules/rss.pyc] No RSS feeds to check.
[modules/rss.pyc] No RSS feeds to check.
KeyboardInterrupt

Welcome to Willie. Loading modules...


Error loading ip: No module named pygeoip (modules/ip.py:13)
Error loading spellcheck: No module named enchant (modules/spellcheck.py:13)
Error in chanlogs setup procedure: ConfigurationError: Channel logs are not configured (modules/chanlogs.py:80)
Error loading reddit-info: No module named praw (modules/reddit-info.py:13)
Error loading ipython: No module named IPython.frontend.terminal.embed (modules/ipython.py:23)


Registered 40 modules,
5 modules failed to load


Connecting to irc.farm.hsv.redhat.com:6667...
Connected.
KeyboardInterrupt

Welcome to Willie. Loading modules...


Error loading ip: No module named pygeoip (modules/ip.py:13)
Error loading spellcheck: No module named enchant (modules/spellcheck.py:13)
Error in chanlogs setup procedure: ConfigurationError: Channel logs are not configured (modules/chanlogs.py:80)
Error loading reddit-info: No module named praw (modules/reddit-info.py:13)
Error loading ipython: No module named IPython.frontend.terminal.embed (modules/ipython.py:23)


Registered 40 modules,
5 modules failed to load


Connecting to irc.farm.hsv.redhat.com:6667...
Connected.
KeyboardInterrupt

Welcome to Willie. Loading modules...


Error loading ip: No module named pygeoip (modules/ip.py:13)
Error loading spellcheck: No module named enchant (modules/spellcheck.py:13)
Error in chanlogs setup procedure: ConfigurationError: Channel logs are not configured (modules/chanlogs.py:80)
Error loading reddit-info: No module named praw (modules/reddit-info.py:13)
Error loading ipython: No module named IPython.frontend.terminal.embed (modules/ipython.py:23)
Error loading natsmith_karma: invalid syntax (natsmith_karma.py, line 44) (bot.py:312)


Registered 39 modules,
6 modules failed to load


Connecting to irc.farm.hsv.redhat.com:6667...
Connected.
KeyboardInterrupt

Welcome to Willie. Loading modules...


Error loading ip: No module named pygeoip (modules/ip.py:13)
Error loading spellcheck: No module named enchant (modules/spellcheck.py:13)
Error in chanlogs setup procedure: ConfigurationError: Channel logs are not configured (modules/chanlogs.py:80)
Error loading reddit-info: No module named praw (modules/reddit-info.py:13)
Error loading ipython: No module named IPython.frontend.terminal.embed (modules/ipython.py:23)


Registered 40 modules,
5 modules failed to load


Connecting to irc.farm.hsv.redhat.com:6667...
Connected.
KeyboardInterrupt

Welcome to Willie. Loading modules...


Error loading ip: No module named pygeoip (modules/ip.py:13)
Error loading spellcheck: No module named enchant (modules/spellcheck.py:13)
Error in chanlogs setup procedure: ConfigurationError: Channel logs are not configured (modules/chanlogs.py:80)
Error loading reddit-info: No module named praw (modules/reddit-info.py:13)
Error loading ipython: No module named IPython.frontend.terminal.embed (modules/ipython.py:23)


Registered 40 modules,
5 modules failed to load


Connecting to irc.farm.hsv.redhat.com:6667...
Connected.
KeyboardInterrupt

Welcome to Willie. Loading modules...


Error loading ip: No module named pygeoip (modules/ip.py:13)
Error loading spellcheck: No module named enchant (modules/spellcheck.py:13)
Error in chanlogs setup procedure: ConfigurationError: Channel logs are not configured (modules/chanlogs.py:80)
Error loading reddit-info: No module named praw (modules/reddit-info.py:13)
Error loading ipython: No module named IPython.frontend.terminal.embed (modules/ipython.py:23)


Registered 40 modules,
5 modules failed to load


Connecting to irc.farm.hsv.redhat.com:6667...
Connected.
KeyboardInterrupt

Welcome to Willie. Loading modules...


Error loading ip: No module named pygeoip (modules/ip.py:13)
Error loading spellcheck: No module named enchant (modules/spellcheck.py:13)
Error in chanlogs setup procedure: ConfigurationError: Channel logs are not configured (modules/chanlogs.py:80)
Error loading reddit-info: No module named praw (modules/reddit-info.py:13)
Error loading ipython: No module named IPython.frontend.terminal.embed (modules/ipython.py:23)


Registered 40 modules,
5 modules failed to load


Connecting to irc.farm.hsv.redhat.com:6667...
Connected.
[modules/rss.pyc] No RSS feeds to check.
KeyboardInterrupt

Welcome to Willie. Loading modules...


Error loading ip: No module named pygeoip (modules/ip.py:13)
Error loading spellcheck: No module named enchant (modules/spellcheck.py:13)
Error in chanlogs setup procedure: ConfigurationError: Channel logs are not configured (modules/chanlogs.py:80)
Error loading reddit-info: No module named praw (modules/reddit-info.py:13)
Error loading ipython: No module named IPython.frontend.terminal.embed (modules/ipython.py:23)


Registered 40 modules,
5 modules failed to load


Connecting to irc.farm.hsv.redhat.com:6667...
Connected.
KeyboardInterrupt

Welcome to Willie. Loading modules...


Error loading ip: No module named pygeoip (modules/ip.py:13)
Error loading spellcheck: No module named enchant (modules/spellcheck.py:13)
Error in chanlogs setup procedure: ConfigurationError: Channel logs are not configured (modules/chanlogs.py:80)
Error loading reddit-info: No module named praw (modules/reddit-info.py:13)
Error loading ipython: No module named IPython.frontend.terminal.embed (modules/ipython.py:23)


Registered 40 modules,
5 modules failed to load


Connecting to irc.farm.hsv.redhat.com:6667...
Connected.
KeyboardInterrupt

Welcome to Willie. Loading modules...


Error loading ip: No module named pygeoip (modules/ip.py:13)
Error loading spellcheck: No module named enchant (modules/spellcheck.py:13)
Error in chanlogs setup procedure: ConfigurationError: Channel logs are not configured (modules/chanlogs.py:80)
Error loading reddit-info: No module named praw (modules/reddit-info.py:13)
Error loading ipython: No module named IPython.frontend.terminal.embed (modules/ipython.py:23)


Registered 40 modules,
5 modules failed to load


Connecting to irc.farm.hsv.redhat.com:6667...
Connected.
KeyboardInterrupt

Welcome to Willie. Loading modules...


Error loading ip: No module named pygeoip (modules/ip.py:13)
Error loading spellcheck: No module named enchant (modules/spellcheck.py:13)
Error in chanlogs setup procedure: ConfigurationError: Channel logs are not configured (modules/chanlogs.py:80)
Error loading reddit-info: No module named praw (modules/reddit-info.py:13)
Error loading ipython: No module named IPython.frontend.terminal.embed (modules/ipython.py:23)


Registered 40 modules,
5 modules failed to load


Connecting to irc.farm.hsv.redhat.com:6667...
Connected.
[modules/rss.pyc] No RSS feeds to check.
[modules/rss.pyc] No RSS feeds to check.
[modules/rss.pyc] No RSS feeds to check.
[modules/rss.pyc] No RSS feeds to check.
